<?xml version="1.0" encoding="UTF-8"?>
<testng-results ignored="0" total="1" passed="1" failed="0" skipped="0">
  <reporter-output>
  </reporter-output>
  <suite started-at="2022-02-01T20:57:44 IST" name="Suite" finished-at="2022-02-01T20:57:59 IST" duration-ms="15692">
    <groups>
    </groups>
    <test started-at="2022-02-01T20:57:44 IST" name="Test" finished-at="2022-02-01T20:57:59 IST" duration-ms="15692">
      <class name="testcases.formfiling">
        <test-method signature="form(java.lang.reflect.Method)[pri:0, instance:testcases.formfiling@61dd025]" started-at="2022-02-01T20:57:44 IST" name="form" finished-at="2022-02-01T20:57:59 IST" duration-ms="15622" status="PASS">
          <params>
            <param index="0">
              <value>
                <![CDATA[public void testcases.formfiling.form(java.lang.reflect.Method) throws java.io.IOException,java.lang.InterruptedException]]>
              </value>
            </param>
          </params>
          <reporter-output>
          </reporter-output>
        </test-method> <!-- form -->
      </class> <!-- testcases.formfiling -->
    </test> <!-- Test -->
  </suite> <!-- Suite -->
</testng-results>
